<?xml version="1.0" encoding="UTF-8"?>
<coverage generated="1718859483913" clover="3.2.0">
  <project timestamp="1718859483914" name="All files">
    <metrics statements="44" coveredstatements="36" conditionals="8" coveredconditionals="2" methods="17" coveredmethods="10" elements="69" coveredelements="48" complexity="0" loc="44" ncloc="44" packages="6" files="6" classes="6"/>
    <package name="components.AboutGranny">
      <metrics statements="7" coveredstatements="6" conditionals="0" coveredconditionals="0" methods="3" coveredmethods="2"/>
      <file name="AboutGranny.vue" path="C:/Workspace/GrannyLida/src/components/AboutGranny/AboutGranny.vue">
        <metrics statements="7" coveredstatements="6" conditionals="0" coveredconditionals="0" methods="3" coveredmethods="2"/>
        <line num="1" count="2" type="stmt"/>
        <line num="2" count="2" type="stmt"/>
        <line num="11" count="3" type="stmt"/>
        <line num="21" count="2" type="stmt"/>
        <line num="23" count="2" type="stmt"/>
        <line num="24" count="2" type="stmt"/>
        <line num="25" count="0" type="stmt"/>
      </file>
    </package>
    <package name="components.HeaderComponent">
      <metrics statements="15" coveredstatements="12" conditionals="2" coveredconditionals="0" methods="7" coveredmethods="4"/>
      <file name="HeaderComponent.vue" path="C:/Workspace/GrannyLida/src/components/HeaderComponent/HeaderComponent.vue">
        <metrics statements="15" coveredstatements="12" conditionals="2" coveredconditionals="0" methods="7" coveredmethods="4"/>
        <line num="2" count="2" type="stmt"/>
        <line num="11" count="3" type="stmt"/>
        <line num="18" count="2" type="stmt"/>
        <line num="19" count="12" type="stmt"/>
        <line num="25" count="12" type="stmt"/>
        <line num="27" count="3" type="stmt"/>
        <line num="28" count="2" type="stmt"/>
        <line num="40" count="2" type="stmt"/>
        <line num="42" count="2" type="stmt"/>
        <line num="43" count="2" type="stmt"/>
        <line num="44" count="0" type="stmt"/>
        <line num="46" count="2" type="stmt"/>
        <line num="47" count="0" type="stmt"/>
        <line num="50" count="2" type="stmt"/>
        <line num="51" count="0" type="cond" truecount="0" falsecount="2"/>
      </file>
    </package>
    <package name="components.MainPage">
      <metrics statements="1" coveredstatements="1" conditionals="0" coveredconditionals="0" methods="0" coveredmethods="0"/>
      <file name="MainPage.vue" path="C:/Workspace/GrannyLida/src/components/MainPage/MainPage.vue">
        <metrics statements="1" coveredstatements="1" conditionals="0" coveredconditionals="0" methods="0" coveredmethods="0"/>
        <line num="8" count="1" type="stmt"/>
      </file>
    </package>
    <package name="components.WhySoHealthy">
      <metrics statements="17" coveredstatements="13" conditionals="6" coveredconditionals="2" methods="5" coveredmethods="2"/>
      <file name="WhySoHealthy.vue" path="C:/Workspace/GrannyLida/src/components/WhySoHealthy/WhySoHealthy.vue">
        <metrics statements="17" coveredstatements="13" conditionals="6" coveredconditionals="2" methods="5" coveredmethods="2"/>
        <line num="1" count="6" type="stmt"/>
        <line num="16" count="2" type="stmt"/>
        <line num="17" count="2" type="stmt"/>
        <line num="22" count="2" type="stmt"/>
        <line num="23" count="12" type="stmt"/>
        <line num="52" count="2" type="stmt"/>
        <line num="54" count="2" type="stmt"/>
        <line num="55" count="0" type="stmt"/>
        <line num="58" count="2" type="stmt"/>
        <line num="59" count="2" type="stmt"/>
        <line num="61" count="2" type="stmt"/>
        <line num="63" count="2" type="stmt"/>
        <line num="64" count="0" type="cond" truecount="0" falsecount="4"/>
        <line num="65" count="0" type="stmt"/>
        <line num="71" count="2" type="cond" truecount="2" falsecount="0"/>
        <line num="74" count="2" type="stmt"/>
        <line num="75" count="0" type="stmt"/>
      </file>
    </package>
    <package name="mockTest">
      <metrics statements="2" coveredstatements="2" conditionals="0" coveredconditionals="0" methods="1" coveredmethods="1"/>
      <file name="mockIntersectionObserver.ts" path="C:/Workspace/GrannyLida/src/mockTest/mockIntersectionObserver.ts">
        <metrics statements="2" coveredstatements="2" conditionals="0" coveredconditionals="0" methods="1" coveredmethods="1"/>
        <line num="3" count="2" type="stmt"/>
        <line num="10" count="2" type="stmt"/>
      </file>
    </package>
    <package name="store">
      <metrics statements="2" coveredstatements="2" conditionals="0" coveredconditionals="0" methods="1" coveredmethods="1"/>
      <file name="Store.ts" path="C:/Workspace/GrannyLida/src/store/Store.ts">
        <metrics statements="2" coveredstatements="2" conditionals="0" coveredconditionals="0" methods="1" coveredmethods="1"/>
        <line num="4" count="4" type="stmt"/>
        <line num="6" count="4" type="stmt"/>
      </file>
    </package>
  </project>
</coverage>
