{"C:/Workspace/GrannyLida/src/components/AboutGranny/AboutGranny.vue": {"path":"C:/Workspace/GrannyLida/src/components/AboutGranny/AboutGranny.vue","statementMap":{"0":{"start":{"line":21,"column":14},"end":{"line":21,"column":null}},"1":{"start":{"line":23,"column":0},"end":{"line":27,"column":null}},"2":{"start":{"line":24,"column":2},"end":{"line":26,"column":null}},"3":{"start":{"line":25,"column":4},"end":{"line":25,"column":null}},"4":{"start":{"line":2,"column":11},"end":{"line":2,"column":null}},"5":{"start":{"line":1,"column":0},"end":{"line":1,"column":null}},"6":{"start":{"line":11,"column":8},"end":{"line":1,"column":null}}},"fnMap":{"0":{"name":"(anonymous_1)","decl":{"start":{"line":23,"column":10},"end":{"line":23,"column":16}},"loc":{"start":{"line":23,"column":16},"end":{"line":27,"column":1}}},"1":{"name":"(anonymous_2)","decl":{"start":{"line":24,"column":14},"end":{"line":24,"column":20}},"loc":{"start":{"line":24,"column":20},"end":{"line":26,"column":4}}},"2":{"name":"(anonymous_4)","decl":{"start":{"line":8,"column":6},"end":{"line":8,"column":null}},"loc":{"start":{"line":11,"column":8},"end":{"line":1,"column":null}}}},"branchMap":{},"s":{"0":2,"1":2,"2":2,"3":0,"4":2,"5":2,"6":3},"f":{"0":2,"1":0,"2":3},"b":{}}
,"C:/Workspace/GrannyLida/src/components/CatalogComponent/CatalogComponent.vue": {"path":"C:/Workspace/GrannyLida/src/components/CatalogComponent/CatalogComponent.vue","statementMap":{"0":{"start":{"line":58,"column":14},"end":{"line":58,"column":null}},"1":{"start":{"line":60,"column":27},"end":{"line":62,"column":null}},"2":{"start":{"line":61,"column":2},"end":{"line":61,"column":null}},"3":{"start":{"line":64,"column":44},"end":{"line":64,"column":null}},"4":{"start":{"line":65,"column":15},"end":{"line":65,"column":null}},"5":{"start":{"line":67,"column":0},"end":{"line":80,"column":null}},"6":{"start":{"line":69,"column":2},"end":{"line":75,"column":null}},"7":{"start":{"line":70,"column":4},"end":{"line":72,"column":null}},"8":{"start":{"line":71,"column":6},"end":{"line":71,"column":null}},"9":{"start":{"line":77,"column":2},"end":{"line":77,"column":null}},"10":{"start":{"line":79,"column":2},"end":{"line":79,"column":null}},"11":{"start":{"line":82,"column":0},"end":{"line":84,"column":null}},"12":{"start":{"line":83,"column":2},"end":{"line":83,"column":null}},"13":{"start":{"line":86,"column":24},"end":{"line":89,"column":null}},"14":{"start":{"line":87,"column":2},"end":{"line":87,"column":null}},"15":{"start":{"line":88,"column":2},"end":{"line":88,"column":null}},"16":{"start":{"line":1,"column":0},"end":{"line":1,"column":null}},"17":{"start":{"line":16,"column":11},"end":{"line":16,"column":null}},"18":{"start":{"line":24,"column":15},"end":{"line":24,"column":null}},"19":{"start":{"line":25,"column":17},"end":{"line":25,"column":null}},"20":{"start":{"line":29,"column":15},"end":{"line":29,"column":null}},"21":{"start":{"line":35,"column":15},"end":{"line":35,"column":null}},"22":{"start":{"line":36,"column":17},"end":{"line":36,"column":null}},"23":{"start":{"line":40,"column":15},"end":{"line":40,"column":null}},"24":{"start":{"line":41,"column":17},"end":{"line":41,"column":null}},"25":{"start":{"line":2,"column":2},"end":{"line":48,"column":null}},"26":{"start":{"line":17,"column":8},"end":{"line":1,"column":null}},"27":{"start":{"line":22,"column":18},"end":{"line":22,"column":null}}},"fnMap":{"0":{"name":"(anonymous_1)","decl":{"start":{"line":60,"column":27},"end":{"line":60,"column":33}},"loc":{"start":{"line":60,"column":33},"end":{"line":62,"column":null}}},"1":{"name":"(anonymous_2)","decl":{"start":{"line":67,"column":10},"end":{"line":67,"column":16}},"loc":{"start":{"line":67,"column":16},"end":{"line":80,"column":1}}},"2":{"name":"(anonymous_3)","decl":{"start":{"line":69,"column":38},"end":{"line":69,"column":39}},"loc":{"start":{"line":69,"column":51},"end":{"line":73,"column":5}}},"3":{"name":"(anonymous_4)","decl":{"start":{"line":82,"column":16},"end":{"line":82,"column":22}},"loc":{"start":{"line":82,"column":22},"end":{"line":84,"column":1}}},"4":{"name":"(anonymous_5)","decl":{"start":{"line":86,"column":24},"end":{"line":86,"column":25}},"loc":{"start":{"line":86,"column":43},"end":{"line":89,"column":null}}},"5":{"name":"(anonymous_10)","decl":{"start":{"line":1,"column":0},"end":{"line":1,"column":null}},"loc":{"start":{"line":18,"column":29},"end":{"line":1,"column":null}}},"6":{"name":"(anonymous_11)","decl":{"start":{"line":22,"column":16},"end":{"line":22,"column":18}},"loc":{"start":{"line":22,"column":18},"end":{"line":22,"column":null}}}},"branchMap":{"0":{"loc":{"start":{"line":70,"column":4},"end":{"line":72,"column":null}},"type":"if","locations":[{"start":{"line":70,"column":4},"end":{"line":72,"column":null}},{"start":{"line":70,"column":4},"end":{"line":72,"column":null}}]},"1":{"loc":{"start":{"line":70,"column":8},"end":{"line":70,"column":39}},"type":"binary-expr","locations":[{"start":{"line":70,"column":8},"end":{"line":70,"column":17}},{"start":{"line":70,"column":17},"end":{"line":70,"column":39}}]},"2":{"loc":{"start":{"line":77,"column":2},"end":{"line":77,"column":null}},"type":"binary-expr","locations":[{"start":{"line":77,"column":2},"end":{"line":77,"column":18}},{"start":{"line":77,"column":18},"end":{"line":77,"column":null}}]}},"s":{"0":3,"1":3,"2":0,"3":3,"4":3,"5":3,"6":3,"7":0,"8":0,"9":3,"10":3,"11":3,"12":0,"13":3,"14":1,"15":1,"16":6,"17":2,"18":2,"19":2,"20":2,"21":2,"22":2,"23":2,"24":2,"25":5,"26":2,"27":1},"f":{"0":0,"1":3,"2":0,"3":0,"4":1,"5":2,"6":1},"b":{"0":[0,0],"1":[0,0],"2":[3,3]}}
,"C:/Workspace/GrannyLida/src/components/CatalogComponent/CatalogModal/CatalogModal.vue": {"path":"C:/Workspace/GrannyLida/src/components/CatalogComponent/CatalogModal/CatalogModal.vue","statementMap":{"0":{"start":{"line":123,"column":14},"end":{"line":123,"column":null}},"1":{"start":{"line":125,"column":38},"end":{"line":125,"column":null}},"2":{"start":{"line":127,"column":18},"end":{"line":141,"column":null}},"3":{"start":{"line":143,"column":21},"end":{"line":143,"column":null}},"4":{"start":{"line":145,"column":0},"end":{"line":147,"column":null}},"5":{"start":{"line":146,"column":2},"end":{"line":146,"column":null}},"6":{"start":{"line":150,"column":25},"end":{"line":155,"column":null}},"7":{"start":{"line":151,"column":2},"end":{"line":151,"column":null}},"8":{"start":{"line":152,"column":2},"end":{"line":154,"column":null}},"9":{"start":{"line":153,"column":4},"end":{"line":153,"column":null}},"10":{"start":{"line":157,"column":25},"end":{"line":159,"column":null}},"11":{"start":{"line":158,"column":2},"end":{"line":158,"column":null}},"12":{"start":{"line":161,"column":16},"end":{"line":163,"column":null}},"13":{"start":{"line":162,"column":2},"end":{"line":162,"column":null}},"14":{"start":{"line":7,"column":4},"end":{"line":7,"column":51}},"15":{"start":{"line":8,"column":9},"end":{"line":8,"column":null}},"16":{"start":{"line":18,"column":11},"end":{"line":18,"column":null}},"17":{"start":{"line":1,"column":0},"end":{"line":1,"column":null}},"18":{"start":{"line":42,"column":17},"end":{"line":42,"column":null}},"19":{"start":{"line":74,"column":11},"end":{"line":74,"column":null}},"20":{"start":{"line":77,"column":11},"end":{"line":77,"column":null}},"21":{"start":{"line":78,"column":12},"end":{"line":78,"column":null}},"22":{"start":{"line":79,"column":14},"end":{"line":79,"column":null}},"23":{"start":{"line":82,"column":14},"end":{"line":82,"column":null}},"24":{"start":{"line":85,"column":14},"end":{"line":85,"column":null}},"25":{"start":{"line":88,"column":14},"end":{"line":88,"column":null}},"26":{"start":{"line":92,"column":13},"end":{"line":92,"column":null}},"27":{"start":{"line":2,"column":2},"end":{"line":1,"column":null}},"28":{"start":{"line":35,"column":19},"end":{"line":35,"column":null}},"29":{"start":{"line":52,"column":19},"end":{"line":52,"column":null}},"30":{"start":{"line":70,"column":18},"end":{"line":1,"column":null}},"31":{"start":{"line":64,"column":22},"end":{"line":64,"column":null}}},"fnMap":{"0":{"name":"(anonymous_1)","decl":{"start":{"line":145,"column":35},"end":{"line":145,"column":41}},"loc":{"start":{"line":145,"column":41},"end":{"line":147,"column":1}}},"1":{"name":"(anonymous_2)","decl":{"start":{"line":150,"column":25},"end":{"line":150,"column":31}},"loc":{"start":{"line":150,"column":31},"end":{"line":155,"column":null}}},"2":{"name":"(anonymous_3)","decl":{"start":{"line":152,"column":13},"end":{"line":152,"column":19}},"loc":{"start":{"line":152,"column":19},"end":{"line":154,"column":4}}},"3":{"name":"(anonymous_4)","decl":{"start":{"line":157,"column":25},"end":{"line":157,"column":31}},"loc":{"start":{"line":157,"column":31},"end":{"line":159,"column":null}}},"4":{"name":"(anonymous_5)","decl":{"start":{"line":161,"column":16},"end":{"line":161,"column":17}},"loc":{"start":{"line":161,"column":33},"end":{"line":163,"column":null}}},"5":{"name":"(anonymous_10)","decl":{"start":{"line":1,"column":0},"end":{"line":1,"column":null}},"loc":{"start":{"line":35,"column":19},"end":{"line":35,"column":null}}},"6":{"name":"(anonymous_17)","decl":{"start":{"line":61,"column":12},"end":{"line":61,"column":null}},"loc":{"start":{"line":70,"column":18},"end":{"line":1,"column":null}}},"7":{"name":"(anonymous_18)","decl":{"start":{"line":64,"column":20},"end":{"line":64,"column":22}},"loc":{"start":{"line":64,"column":22},"end":{"line":64,"column":null}}}},"branchMap":{"0":{"loc":{"start":{"line":22,"column":39},"end":{"line":1,"column":null}},"type":"cond-expr","locations":[{"start":{"line":22,"column":39},"end":{"line":1,"column":null}}]},"1":{"loc":{"start":{"line":1,"column":0},"end":{"line":35,"column":null}},"type":"binary-expr","locations":[{"start":{"line":1,"column":0},"end":{"line":1,"column":null}},{"start":{"line":1,"column":0},"end":{"line":35,"column":null}}]},"2":{"loc":{"start":{"line":1,"column":0},"end":{"line":52,"column":null}},"type":"binary-expr","locations":[{"start":{"line":1,"column":0},"end":{"line":1,"column":null}},{"start":{"line":1,"column":0},"end":{"line":52,"column":null}}]}},"s":{"0":4,"1":4,"2":4,"3":4,"4":4,"5":3,"6":4,"7":0,"8":0,"9":0,"10":4,"11":0,"12":4,"13":0,"14":3,"15":3,"16":3,"17":12,"18":3,"19":3,"20":3,"21":3,"22":3,"23":3,"24":3,"25":3,"26":3,"27":7,"28":0,"29":0,"30":0,"31":0},"f":{"0":3,"1":0,"2":0,"3":0,"4":0,"5":0,"6":0,"7":0},"b":{"0":[5],"1":[2,2],"2":[2,2]}}
,"C:/Workspace/GrannyLida/src/components/DeliveryComponent/DeliveryComponent.vue": {"path":"C:/Workspace/GrannyLida/src/components/DeliveryComponent/DeliveryComponent.vue","statementMap":{"0":{"start":{"line":39,"column":14},"end":{"line":39,"column":null}},"1":{"start":{"line":41,"column":27},"end":{"line":43,"column":null}},"2":{"start":{"line":42,"column":2},"end":{"line":42,"column":null}},"3":{"start":{"line":45,"column":44},"end":{"line":45,"column":null}},"4":{"start":{"line":46,"column":15},"end":{"line":46,"column":null}},"5":{"start":{"line":48,"column":0},"end":{"line":59,"column":null}},"6":{"start":{"line":50,"column":2},"end":{"line":56,"column":null}},"7":{"start":{"line":51,"column":4},"end":{"line":53,"column":null}},"8":{"start":{"line":52,"column":6},"end":{"line":52,"column":null}},"9":{"start":{"line":58,"column":2},"end":{"line":58,"column":null}},"10":{"start":{"line":61,"column":0},"end":{"line":63,"column":null}},"11":{"start":{"line":62,"column":2},"end":{"line":62,"column":null}},"12":{"start":{"line":1,"column":0},"end":{"line":1,"column":null}},"13":{"start":{"line":16,"column":11},"end":{"line":16,"column":null}},"14":{"start":{"line":23,"column":13},"end":{"line":23,"column":null}}},"fnMap":{"0":{"name":"(anonymous_1)","decl":{"start":{"line":41,"column":27},"end":{"line":41,"column":33}},"loc":{"start":{"line":41,"column":33},"end":{"line":43,"column":null}}},"1":{"name":"(anonymous_2)","decl":{"start":{"line":48,"column":10},"end":{"line":48,"column":16}},"loc":{"start":{"line":48,"column":16},"end":{"line":59,"column":1}}},"2":{"name":"(anonymous_3)","decl":{"start":{"line":50,"column":38},"end":{"line":50,"column":39}},"loc":{"start":{"line":50,"column":51},"end":{"line":54,"column":5}}},"3":{"name":"(anonymous_4)","decl":{"start":{"line":61,"column":16},"end":{"line":61,"column":22}},"loc":{"start":{"line":61,"column":22},"end":{"line":63,"column":1}}}},"branchMap":{"0":{"loc":{"start":{"line":51,"column":4},"end":{"line":53,"column":null}},"type":"if","locations":[{"start":{"line":51,"column":4},"end":{"line":53,"column":null}},{"start":{"line":51,"column":4},"end":{"line":53,"column":null}}]},"1":{"loc":{"start":{"line":51,"column":8},"end":{"line":51,"column":39}},"type":"binary-expr","locations":[{"start":{"line":51,"column":8},"end":{"line":51,"column":17}},{"start":{"line":51,"column":17},"end":{"line":51,"column":39}}]},"2":{"loc":{"start":{"line":58,"column":2},"end":{"line":58,"column":null}},"type":"binary-expr","locations":[{"start":{"line":58,"column":2},"end":{"line":58,"column":18}},{"start":{"line":58,"column":18},"end":{"line":58,"column":null}}]}},"s":{"0":2,"1":2,"2":0,"3":2,"4":2,"5":2,"6":2,"7":0,"8":0,"9":2,"10":2,"11":0,"12":4,"13":2,"14":2},"f":{"0":0,"1":2,"2":0,"3":0},"b":{"0":[0,0],"1":[0,0],"2":[2,2]}}
,"C:/Workspace/GrannyLida/src/components/HeaderComponent/HeaderComponent.vue": {"path":"C:/Workspace/GrannyLida/src/components/HeaderComponent/HeaderComponent.vue","statementMap":{"0":{"start":{"line":40,"column":14},"end":{"line":40,"column":null}},"1":{"start":{"line":42,"column":0},"end":{"line":54,"column":null}},"2":{"start":{"line":43,"column":2},"end":{"line":45,"column":null}},"3":{"start":{"line":44,"column":4},"end":{"line":44,"column":null}},"4":{"start":{"line":46,"column":2},"end":{"line":48,"column":null}},"5":{"start":{"line":47,"column":4},"end":{"line":47,"column":null}},"6":{"start":{"line":50,"column":2},"end":{"line":52,"column":null}},"7":{"start":{"line":51,"column":4},"end":{"line":51,"column":null}},"8":{"start":{"line":2,"column":11},"end":{"line":2,"column":null}},"9":{"start":{"line":18,"column":11},"end":{"line":18,"column":null}},"10":{"start":{"line":28,"column":6},"end":{"line":29,"column":null}},"11":{"start":{"line":11,"column":7},"end":{"line":8,"column":null}},"12":{"start":{"line":27,"column":12},"end":{"line":28,"column":14}},"13":{"start":{"line":19,"column":8},"end":{"line":1,"column":null}},"14":{"start":{"line":25,"column":25},"end":{"line":null,"column":-1}}},"fnMap":{"0":{"name":"(anonymous_1)","decl":{"start":{"line":42,"column":10},"end":{"line":42,"column":16}},"loc":{"start":{"line":42,"column":16},"end":{"line":54,"column":1}}},"1":{"name":"(anonymous_2)","decl":{"start":{"line":43,"column":14},"end":{"line":43,"column":20}},"loc":{"start":{"line":43,"column":20},"end":{"line":45,"column":4}}},"2":{"name":"(anonymous_3)","decl":{"start":{"line":46,"column":14},"end":{"line":46,"column":20}},"loc":{"start":{"line":46,"column":20},"end":{"line":48,"column":4}}},"3":{"name":"(anonymous_4)","decl":{"start":{"line":50,"column":36},"end":{"line":50,"column":42}},"loc":{"start":{"line":50,"column":42},"end":{"line":52,"column":3}}},"4":{"name":"(anonymous_6)","decl":{"start":{"line":8,"column":6},"end":{"line":8,"column":null}},"loc":{"start":{"line":11,"column":7},"end":{"line":8,"column":null}}},"5":{"name":"(anonymous_7)","decl":{"start":{"line":18,"column":6},"end":{"line":18,"column":11}},"loc":{"start":{"line":27,"column":12},"end":{"line":28,"column":14}}},"6":{"name":"(anonymous_9)","decl":{"start":{"line":25,"column":10},"end":{"line":25,"column":13}},"loc":{"start":{"line":25,"column":25},"end":{"line":null,"column":-1}}}},"branchMap":{"0":{"loc":{"start":{"line":51,"column":4},"end":{"line":51,"column":null}},"type":"cond-expr","locations":[{"start":{"line":51,"column":27},"end":{"line":51,"column":55}},{"start":{"line":51,"column":55},"end":{"line":51,"column":null}}]}},"s":{"0":2,"1":2,"2":2,"3":0,"4":2,"5":0,"6":2,"7":0,"8":2,"9":2,"10":2,"11":3,"12":3,"13":12,"14":12},"f":{"0":2,"1":0,"2":0,"3":0,"4":3,"5":3,"6":12},"b":{"0":[0,0]}}
,"C:/Workspace/GrannyLida/src/components/MainPage/MainPage.vue": {"path":"C:/Workspace/GrannyLida/src/components/MainPage/MainPage.vue","statementMap":{"0":{"start":{"line":8,"column":9},"end":{"line":8,"column":null}}},"fnMap":{},"branchMap":{},"s":{"0":1},"f":{},"b":{}}
,"C:/Workspace/GrannyLida/src/components/WhySoHealthy/WhySoHealthy.vue": {"path":"C:/Workspace/GrannyLida/src/components/WhySoHealthy/WhySoHealthy.vue","statementMap":{"0":{"start":{"line":52,"column":14},"end":{"line":52,"column":null}},"1":{"start":{"line":54,"column":27},"end":{"line":56,"column":null}},"2":{"start":{"line":55,"column":2},"end":{"line":55,"column":null}},"3":{"start":{"line":58,"column":44},"end":{"line":58,"column":null}},"4":{"start":{"line":59,"column":15},"end":{"line":59,"column":null}},"5":{"start":{"line":61,"column":0},"end":{"line":72,"column":null}},"6":{"start":{"line":63,"column":2},"end":{"line":69,"column":null}},"7":{"start":{"line":64,"column":4},"end":{"line":66,"column":null}},"8":{"start":{"line":65,"column":6},"end":{"line":65,"column":null}},"9":{"start":{"line":71,"column":2},"end":{"line":71,"column":null}},"10":{"start":{"line":74,"column":0},"end":{"line":76,"column":null}},"11":{"start":{"line":75,"column":2},"end":{"line":75,"column":null}},"12":{"start":{"line":1,"column":0},"end":{"line":1,"column":null}},"13":{"start":{"line":16,"column":11},"end":{"line":16,"column":null}},"14":{"start":{"line":17,"column":13},"end":{"line":17,"column":null}},"15":{"start":{"line":22,"column":14},"end":{"line":22,"column":null}},"16":{"start":{"line":23,"column":12},"end":{"line":28,"column":null}}},"fnMap":{"0":{"name":"(anonymous_1)","decl":{"start":{"line":54,"column":27},"end":{"line":54,"column":33}},"loc":{"start":{"line":54,"column":33},"end":{"line":56,"column":null}}},"1":{"name":"(anonymous_2)","decl":{"start":{"line":61,"column":10},"end":{"line":61,"column":16}},"loc":{"start":{"line":61,"column":16},"end":{"line":72,"column":1}}},"2":{"name":"(anonymous_3)","decl":{"start":{"line":63,"column":38},"end":{"line":63,"column":39}},"loc":{"start":{"line":63,"column":51},"end":{"line":67,"column":5}}},"3":{"name":"(anonymous_4)","decl":{"start":{"line":74,"column":16},"end":{"line":74,"column":22}},"loc":{"start":{"line":74,"column":22},"end":{"line":76,"column":1}}},"4":{"name":"(anonymous_9)","decl":{"start":{"line":1,"column":0},"end":{"line":1,"column":null}},"loc":{"start":{"line":24,"column":25},"end":{"line":28,"column":null}}}},"branchMap":{"0":{"loc":{"start":{"line":64,"column":4},"end":{"line":66,"column":null}},"type":"if","locations":[{"start":{"line":64,"column":4},"end":{"line":66,"column":null}},{"start":{"line":64,"column":4},"end":{"line":66,"column":null}}]},"1":{"loc":{"start":{"line":64,"column":8},"end":{"line":64,"column":39}},"type":"binary-expr","locations":[{"start":{"line":64,"column":8},"end":{"line":64,"column":17}},{"start":{"line":64,"column":17},"end":{"line":64,"column":39}}]},"2":{"loc":{"start":{"line":71,"column":2},"end":{"line":71,"column":null}},"type":"binary-expr","locations":[{"start":{"line":71,"column":2},"end":{"line":71,"column":18}},{"start":{"line":71,"column":18},"end":{"line":71,"column":null}}]}},"s":{"0":2,"1":2,"2":0,"3":2,"4":2,"5":2,"6":2,"7":0,"8":0,"9":2,"10":2,"11":0,"12":6,"13":2,"14":2,"15":2,"16":12},"f":{"0":0,"1":2,"2":0,"3":0,"4":12},"b":{"0":[0,0],"1":[0,0],"2":[2,2]}}
,"C:/Workspace/GrannyLida/src/mockTest/mockIntersectionObserver.ts": {"path":"C:/Workspace/GrannyLida/src/mockTest/mockIntersectionObserver.ts","statementMap":{"0":{"start":{"line":3,"column":33},"end":{"line":8,"column":null}},"1":{"start":{"line":3,"column":46},"end":{"line":8,"column":2}},"2":{"start":{"line":10,"column":0},"end":{"line":10,"column":null}}},"fnMap":{"0":{"name":"(anonymous_0)","decl":{"start":{"line":3,"column":39},"end":{"line":3,"column":46}},"loc":{"start":{"line":3,"column":46},"end":{"line":8,"column":2}}}},"branchMap":{},"s":{"0":5,"1":7,"2":5},"f":{"0":7},"b":{}}
}
